-------------------------------------------------------------------------------
Test set: com.neri.neri.NeriApplicationTests
-------------------------------------------------------------------------------
Tests run: 1, Failures: 0, Errors: 1, Skipped: 0, Time elapsed: 0.256 s <<< FAILURE! - in com.neri.neri.NeriApplicationTests
com.neri.neri.NeriApplicationTests  Time elapsed: 0.255 s  <<< ERROR!
java.lang.IllegalStateException: Unable to find a @SpringBootConfiguration, you need to use @ContextConfiguration or @SpringBootTest(classes=...) with your test

