<?xml version="1.0" encoding="UTF-8"?>
<testsuite xmlns:xsi="http://www.w3.org/2001/XMLSchema-instance" xsi:noNamespaceSchemaLocation="https://maven.apache.org/surefire/maven-surefire-plugin/xsd/surefire-test-report.xsd" name="com.neri.neri.NeriApplicationTests" time="0.256" tests="1" errors="1" skipped="0" failures="0">
  <properties>
[...]
</properties>
  <testcase name="com.neri.neri.NeriApplicationTests" classname="com.neri.neri.NeriApplicationTests" time="0.255">
    <error message="Unable to find a @SpringBootConfiguration, you need to use @ContextConfiguration or @SpringBootTest(classes=...) with your test" type="java.lang.IllegalStateException">java.lang.IllegalStateException: Unable to find a @SpringBootConfiguration, you need to use @ContextConfiguration or @SpringBootTest(classes=...) with your test
</error>
    <system-out><![CDATA[07:43:04.079 [main] DEBUG org.springframework.test.context.BootstrapUtils - Instantiating CacheAwareContextLoaderDelegate from class [org.springframework.test.context.cache.DefaultCacheAwareContextLoaderDelegate]
07:43:04.091 [main] DEBUG org.springframework.test.context.BootstrapUtils - Instantiating BootstrapContext using constructor [public org.springframework.test.context.support.DefaultBootstrapContext(java.lang.Class,org.springframework.test.context.CacheAwareContextLoaderDelegate)]
07:43:04.115 [main] DEBUG org.springframework.test.context.BootstrapUtils - Instantiating TestContextBootstrapper for test class [com.neri.neri.NeriApplicationTests] from class [org.springframework.boot.test.context.SpringBootTestContextBootstrapper]
07:43:04.128 [main] INFO org.springframework.boot.test.context.SpringBootTestContextBootstrapper - Neither @ContextConfiguration nor @ContextHierarchy found for test class [com.neri.neri.NeriApplicationTests], using SpringBootContextLoader
07:43:04.131 [main] DEBUG org.springframework.test.context.support.AbstractContextLoader - Did not detect default resource location for test class [com.neri.neri.NeriApplicationTests]: class path resource [com/neri/neri/NeriApplicationTests-context.xml] does not exist
07:43:04.131 [main] DEBUG org.springframework.test.context.support.AbstractContextLoader - Did not detect default resource location for test class [com.neri.neri.NeriApplicationTests]: class path resource [com/neri/neri/NeriApplicationTestsContext.groovy] does not exist
07:43:04.132 [main] INFO org.springframework.test.context.support.AbstractContextLoader - Could not detect default resource locations for test class [com.neri.neri.NeriApplicationTests]: no resource found for suffixes {-context.xml, Context.groovy}.
07:43:04.133 [main] INFO org.springframework.test.context.support.AnnotationConfigContextLoaderUtils - Could not detect default configuration classes for test class [com.neri.neri.NeriApplicationTests]: NeriApplicationTests does not declare any static, non-private, non-final, nested classes annotated with @Configuration.
07:43:04.164 [main] DEBUG org.springframework.test.context.support.ActiveProfilesUtils - Could not find an 'annotation declaring class' for annotation type [org.springframework.test.context.ActiveProfiles] and class [com.neri.neri.NeriApplicationTests]
07:43:04.229 [main] DEBUG org.springframework.test.context.BootstrapUtils - Instantiating CacheAwareContextLoaderDelegate from class [org.springframework.test.context.cache.DefaultCacheAwareContextLoaderDelegate]
07:43:04.229 [main] DEBUG org.springframework.test.context.BootstrapUtils - Instantiating BootstrapContext using constructor [public org.springframework.test.context.support.DefaultBootstrapContext(java.lang.Class,org.springframework.test.context.CacheAwareContextLoaderDelegate)]
07:43:04.229 [main] DEBUG org.springframework.test.context.BootstrapUtils - Instantiating TestContextBootstrapper for test class [com.neri.neri.NeriApplicationTests] from class [org.springframework.boot.test.context.SpringBootTestContextBootstrapper]
07:43:04.230 [main] INFO org.springframework.boot.test.context.SpringBootTestContextBootstrapper - Neither @ContextConfiguration nor @ContextHierarchy found for test class [com.neri.neri.NeriApplicationTests], using SpringBootContextLoader
07:43:04.231 [main] DEBUG org.springframework.test.context.support.AbstractContextLoader - Did not detect default resource location for test class [com.neri.neri.NeriApplicationTests]: class path resource [com/neri/neri/NeriApplicationTests-context.xml] does not exist
07:43:04.231 [main] DEBUG org.springframework.test.context.support.AbstractContextLoader - Did not detect default resource location for test class [com.neri.neri.NeriApplicationTests]: class path resource [com/neri/neri/NeriApplicationTestsContext.groovy] does not exist
07:43:04.231 [main] INFO org.springframework.test.context.support.AbstractContextLoader - Could not detect default resource locations for test class [com.neri.neri.NeriApplicationTests]: no resource found for suffixes {-context.xml, Context.groovy}.
07:43:04.232 [main] INFO org.springframework.test.context.support.AnnotationConfigContextLoaderUtils - Could not detect default configuration classes for test class [com.neri.neri.NeriApplicationTests]: NeriApplicationTests does not declare any static, non-private, non-final, nested classes annotated with @Configuration.
07:43:04.233 [main] DEBUG org.springframework.test.context.support.ActiveProfilesUtils - Could not find an 'annotation declaring class' for annotation type [org.springframework.test.context.ActiveProfiles] and class [com.neri.neri.NeriApplicationTests]
07:43:04.246 [main] DEBUG org.springframework.test.context.BootstrapUtils - Instantiating CacheAwareContextLoaderDelegate from class [org.springframework.test.context.cache.DefaultCacheAwareContextLoaderDelegate]
07:43:04.246 [main] DEBUG org.springframework.test.context.BootstrapUtils - Instantiating BootstrapContext using constructor [public org.springframework.test.context.support.DefaultBootstrapContext(java.lang.Class,org.springframework.test.context.CacheAwareContextLoaderDelegate)]
07:43:04.246 [main] DEBUG org.springframework.test.context.BootstrapUtils - Instantiating TestContextBootstrapper for test class [com.neri.neri.NeriApplicationTests] from class [org.springframework.boot.test.context.SpringBootTestContextBootstrapper]
07:43:04.248 [main] INFO org.springframework.boot.test.context.SpringBootTestContextBootstrapper - Neither @ContextConfiguration nor @ContextHierarchy found for test class [com.neri.neri.NeriApplicationTests], using SpringBootContextLoader
07:43:04.248 [main] DEBUG org.springframework.test.context.support.AbstractContextLoader - Did not detect default resource location for test class [com.neri.neri.NeriApplicationTests]: class path resource [com/neri/neri/NeriApplicationTests-context.xml] does not exist
07:43:04.248 [main] DEBUG org.springframework.test.context.support.AbstractContextLoader - Did not detect default resource location for test class [com.neri.neri.NeriApplicationTests]: class path resource [com/neri/neri/NeriApplicationTestsContext.groovy] does not exist
07:43:04.249 [main] INFO org.springframework.test.context.support.AbstractContextLoader - Could not detect default resource locations for test class [com.neri.neri.NeriApplicationTests]: no resource found for suffixes {-context.xml, Context.groovy}.
07:43:04.249 [main] INFO org.springframework.test.context.support.AnnotationConfigContextLoaderUtils - Could not detect default configuration classes for test class [com.neri.neri.NeriApplicationTests]: NeriApplicationTests does not declare any static, non-private, non-final, nested classes annotated with @Configuration.
07:43:04.251 [main] DEBUG org.springframework.test.context.support.ActiveProfilesUtils - Could not find an 'annotation declaring class' for annotation type [org.springframework.test.context.ActiveProfiles] and class [com.neri.neri.NeriApplicationTests]
]]></system-out>
  </testcase>
</testsuite>